<?xml version="1.0" encoding="UTF-8"?>
<coverage generated="1782223108438" clover="3.2.0">
  <project timestamp="1782223108439" name="All files">
    <metrics statements="52" coveredstatements="52" conditionals="38" coveredconditionals="27" methods="6" coveredmethods="6" elements="96" coveredelements="85" complexity="0" loc="52" ncloc="52" packages="1" files="1" classes="1"/>
    <file name="i18n.js" path="/app/i18n.js">
      <metrics statements="52" coveredstatements="52" conditionals="38" coveredconditionals="27" methods="6" coveredmethods="6"/>
      <line num="1" count="12" type="stmt"/>
      <line num="291" count="12" type="stmt"/>
      <line num="292" count="12" type="stmt"/>
      <line num="293" count="12" type="cond" truecount="2" falsecount="0"/>
      <line num="295" count="11" type="stmt"/>
      <line num="296" count="11" type="stmt"/>
      <line num="297" count="10" type="cond" truecount="2" falsecount="0"/>
      <line num="302" count="10" type="cond" truecount="2" falsecount="0"/>
      <line num="306" count="12" type="stmt"/>
      <line num="307" count="12" type="stmt"/>
      <line num="308" count="12" type="stmt"/>
      <line num="309" count="12" type="stmt"/>
      <line num="310" count="12" type="stmt"/>
      <line num="311" count="12" type="stmt"/>
      <line num="314" count="9" type="cond" truecount="2" falsecount="0"/>
      <line num="316" count="8" type="cond" truecount="1" falsecount="1"/>
      <line num="318" count="8" type="cond" truecount="1" falsecount="1"/>
      <line num="319" count="8" type="stmt"/>
      <line num="320" count="8" type="stmt"/>
      <line num="321" count="8" type="stmt"/>
      <line num="322" count="8" type="stmt"/>
      <line num="323" count="8" type="stmt"/>
      <line num="326" count="8" type="cond" truecount="1" falsecount="1"/>
      <line num="327" count="8" type="stmt"/>
      <line num="329" count="8" type="cond" truecount="1" falsecount="1"/>
      <line num="330" count="8" type="stmt"/>
      <line num="333" count="8" type="cond" truecount="3" falsecount="1"/>
      <line num="334" count="8" type="stmt"/>
      <line num="336" count="8" type="cond" truecount="3" falsecount="1"/>
      <line num="337" count="8" type="stmt"/>
      <line num="340" count="8" type="cond" truecount="1" falsecount="1"/>
      <line num="341" count="8" type="cond" truecount="1" falsecount="1"/>
      <line num="342" count="8" type="stmt"/>
      <line num="344" count="8" type="cond" truecount="1" falsecount="1"/>
      <line num="345" count="8" type="stmt"/>
      <line num="350" count="8" type="stmt"/>
      <line num="351" count="8" type="stmt"/>
      <line num="352" count="8" type="cond" truecount="3" falsecount="1"/>
      <line num="353" count="8" type="stmt"/>
      <line num="357" count="8" type="stmt"/>
      <line num="358" count="16" type="stmt"/>
      <line num="359" count="16" type="cond" truecount="1" falsecount="1"/>
      <line num="360" count="16" type="stmt"/>
      <line num="364" count="8" type="stmt"/>
      <line num="365" count="8" type="stmt"/>
      <line num="369" count="8" type="stmt"/>
      <line num="373" count="12" type="stmt"/>
      <line num="374" count="24" type="stmt"/>
      <line num="378" count="12" type="stmt"/>
      <line num="379" count="12" type="cond" truecount="2" falsecount="0"/>
      <line num="380" count="5" type="stmt"/>
      <line num="382" count="7" type="stmt"/>
    </file>
  </project>
</coverage>
