{"/app/i18n.js": {"path":"/app/i18n.js","statementMap":{"0":{"start":{"line":1,"column":17},"end":{"line":288,"column":1}},"1":{"start":{"line":291,"column":18},"end":{"line":291,"column":30}},"2":{"start":{"line":292,"column":16},"end":{"line":292,"column":71}},"3":{"start":{"line":293,"column":2},"end":{"line":293,"column":44}},"4":{"start":{"line":293,"column":31},"end":{"line":293,"column":44}},"5":{"start":{"line":295,"column":2},"end":{"line":300,"column":3}},"6":{"start":{"line":296,"column":18},"end":{"line":296,"column":54}},"7":{"start":{"line":297,"column":4},"end":{"line":297,"column":46}},"8":{"start":{"line":297,"column":33},"end":{"line":297,"column":46}},"9":{"start":{"line":302,"column":2},"end":{"line":302,"column":74}},"10":{"start":{"line":306,"column":16},"end":{"line":306,"column":20}},"11":{"start":{"line":307,"column":18},"end":{"line":307,"column":22}},"12":{"start":{"line":308,"column":15},"end":{"line":308,"column":19}},"13":{"start":{"line":309,"column":13},"end":{"line":309,"column":17}},"14":{"start":{"line":310,"column":17},"end":{"line":310,"column":21}},"15":{"start":{"line":311,"column":18},"end":{"line":311,"column":22}},"16":{"start":{"line":314,"column":2},"end":{"line":314,"column":35}},"17":{"start":{"line":314,"column":28},"end":{"line":314,"column":35}},"18":{"start":{"line":316,"column":15},"end":{"line":316,"column":44}},"19":{"start":{"line":318,"column":2},"end":{"line":324,"column":3}},"20":{"start":{"line":319,"column":4},"end":{"line":319,"column":57}},"21":{"start":{"line":320,"column":4},"end":{"line":320,"column":59}},"22":{"start":{"line":321,"column":4},"end":{"line":321,"column":66}},"23":{"start":{"line":322,"column":4},"end":{"line":322,"column":71}},"24":{"start":{"line":323,"column":4},"end":{"line":323,"column":56}},"25":{"start":{"line":326,"column":2},"end":{"line":328,"column":3}},"26":{"start":{"line":327,"column":4},"end":{"line":327,"column":41}},"27":{"start":{"line":329,"column":2},"end":{"line":331,"column":3}},"28":{"start":{"line":330,"column":4},"end":{"line":330,"column":36}},"29":{"start":{"line":333,"column":2},"end":{"line":335,"column":3}},"30":{"start":{"line":334,"column":4},"end":{"line":334,"column":59}},"31":{"start":{"line":336,"column":2},"end":{"line":338,"column":3}},"32":{"start":{"line":337,"column":4},"end":{"line":337,"column":57}},"33":{"start":{"line":340,"column":2},"end":{"line":347,"column":3}},"34":{"start":{"line":341,"column":4},"end":{"line":343,"column":5}},"35":{"start":{"line":342,"column":6},"end":{"line":342,"column":51}},"36":{"start":{"line":344,"column":4},"end":{"line":346,"column":5}},"37":{"start":{"line":345,"column":6},"end":{"line":345,"column":51}},"38":{"start":{"line":350,"column":2},"end":{"line":355,"column":5}},"39":{"start":{"line":351,"column":20},"end":{"line":351,"column":43}},"40":{"start":{"line":352,"column":4},"end":{"line":354,"column":5}},"41":{"start":{"line":353,"column":6},"end":{"line":353,"column":33}},"42":{"start":{"line":357,"column":2},"end":{"line":362,"column":5}},"43":{"start":{"line":358,"column":20},"end":{"line":358,"column":56}},"44":{"start":{"line":359,"column":4},"end":{"line":361,"column":5}},"45":{"start":{"line":360,"column":6},"end":{"line":360,"column":51}},"46":{"start":{"line":364,"column":2},"end":{"line":368,"column":3}},"47":{"start":{"line":365,"column":4},"end":{"line":365,"column":47}},"48":{"start":{"line":369,"column":2},"end":{"line":369,"column":21}},"49":{"start":{"line":373,"column":0},"end":{"line":375,"column":3}},"50":{"start":{"line":374,"column":2},"end":{"line":374,"column":75}},"51":{"start":{"line":374,"column":41},"end":{"line":374,"column":73}},"52":{"start":{"line":378,"column":17},"end":{"line":378,"column":36}},"53":{"start":{"line":379,"column":0},"end":{"line":383,"column":1}},"54":{"start":{"line":380,"column":2},"end":{"line":380,"column":25}},"55":{"start":{"line":382,"column":2},"end":{"line":382,"column":24}}},"fnMap":{"0":{"name":"preferredLanguage","decl":{"start":{"line":290,"column":9},"end":{"line":290,"column":26}},"loc":{"start":{"line":290,"column":29},"end":{"line":303,"column":1}},"line":290},"1":{"name":"setLanguage","decl":{"start":{"line":313,"column":9},"end":{"line":313,"column":20}},"loc":{"start":{"line":313,"column":27},"end":{"line":370,"column":1}},"line":313},"2":{"name":"(anonymous_2)","decl":{"start":{"line":350,"column":20},"end":{"line":350,"column":21}},"loc":{"start":{"line":350,"column":30},"end":{"line":355,"column":3}},"line":350},"3":{"name":"(anonymous_3)","decl":{"start":{"line":357,"column":22},"end":{"line":357,"column":23}},"loc":{"start":{"line":357,"column":34},"end":{"line":362,"column":3}},"line":357},"4":{"name":"(anonymous_4)","decl":{"start":{"line":373,"column":49},"end":{"line":373,"column":50}},"loc":{"start":{"line":373,"column":61},"end":{"line":375,"column":1}},"line":373},"5":{"name":"(anonymous_5)","decl":{"start":{"line":374,"column":35},"end":{"line":374,"column":36}},"loc":{"start":{"line":374,"column":41},"end":{"line":374,"column":73}},"line":374}},"branchMap":{"0":{"loc":{"start":{"line":293,"column":2},"end":{"line":293,"column":44}},"type":"if","locations":[{"start":{"line":293,"column":2},"end":{"line":293,"column":44}},{"start":{},"end":{}}],"line":293},"1":{"loc":{"start":{"line":297,"column":4},"end":{"line":297,"column":46}},"type":"if","locations":[{"start":{"line":297,"column":4},"end":{"line":297,"column":46}},{"start":{},"end":{}}],"line":297},"2":{"loc":{"start":{"line":302,"column":9},"end":{"line":302,"column":73}},"type":"cond-expr","locations":[{"start":{"line":302,"column":62},"end":{"line":302,"column":66}},{"start":{"line":302,"column":69},"end":{"line":302,"column":73}}],"line":302},"3":{"loc":{"start":{"line":314,"column":2},"end":{"line":314,"column":35}},"type":"if","locations":[{"start":{"line":314,"column":2},"end":{"line":314,"column":35}},{"start":{},"end":{}}],"line":314},"4":{"loc":{"start":{"line":316,"column":15},"end":{"line":316,"column":44}},"type":"binary-expr","locations":[{"start":{"line":316,"column":15},"end":{"line":316,"column":29}},{"start":{"line":316,"column":33},"end":{"line":316,"column":44}}],"line":316},"5":{"loc":{"start":{"line":318,"column":2},"end":{"line":324,"column":3}},"type":"if","locations":[{"start":{"line":318,"column":2},"end":{"line":324,"column":3}},{"start":{},"end":{}}],"line":318},"6":{"loc":{"start":{"line":326,"column":2},"end":{"line":328,"column":3}},"type":"if","locations":[{"start":{"line":326,"column":2},"end":{"line":328,"column":3}},{"start":{},"end":{}}],"line":326},"7":{"loc":{"start":{"line":329,"column":2},"end":{"line":331,"column":3}},"type":"if","locations":[{"start":{"line":329,"column":2},"end":{"line":331,"column":3}},{"start":{},"end":{}}],"line":329},"8":{"loc":{"start":{"line":333,"column":2},"end":{"line":335,"column":3}},"type":"if","locations":[{"start":{"line":333,"column":2},"end":{"line":335,"column":3}},{"start":{},"end":{}}],"line":333},"9":{"loc":{"start":{"line":333,"column":6},"end":{"line":333,"column":75}},"type":"binary-expr","locations":[{"start":{"line":333,"column":6},"end":{"line":333,"column":14}},{"start":{"line":333,"column":18},"end":{"line":333,"column":75}}],"line":333},"10":{"loc":{"start":{"line":336,"column":2},"end":{"line":338,"column":3}},"type":"if","locations":[{"start":{"line":336,"column":2},"end":{"line":338,"column":3}},{"start":{},"end":{}}],"line":336},"11":{"loc":{"start":{"line":336,"column":6},"end":{"line":336,"column":71}},"type":"binary-expr","locations":[{"start":{"line":336,"column":6},"end":{"line":336,"column":12}},{"start":{"line":336,"column":16},"end":{"line":336,"column":71}}],"line":336},"12":{"loc":{"start":{"line":340,"column":2},"end":{"line":347,"column":3}},"type":"if","locations":[{"start":{"line":340,"column":2},"end":{"line":347,"column":3}},{"start":{},"end":{}}],"line":340},"13":{"loc":{"start":{"line":341,"column":4},"end":{"line":343,"column":5}},"type":"if","locations":[{"start":{"line":341,"column":4},"end":{"line":343,"column":5}},{"start":{},"end":{}}],"line":341},"14":{"loc":{"start":{"line":344,"column":4},"end":{"line":346,"column":5}},"type":"if","locations":[{"start":{"line":344,"column":4},"end":{"line":346,"column":5}},{"start":{},"end":{}}],"line":344},"15":{"loc":{"start":{"line":352,"column":4},"end":{"line":354,"column":5}},"type":"if","locations":[{"start":{"line":352,"column":4},"end":{"line":354,"column":5}},{"start":{},"end":{}}],"line":352},"16":{"loc":{"start":{"line":352,"column":8},"end":{"line":352,"column":47}},"type":"binary-expr","locations":[{"start":{"line":352,"column":8},"end":{"line":352,"column":15}},{"start":{"line":352,"column":19},"end":{"line":352,"column":47}}],"line":352},"17":{"loc":{"start":{"line":359,"column":4},"end":{"line":361,"column":5}},"type":"if","locations":[{"start":{"line":359,"column":4},"end":{"line":361,"column":5}},{"start":{},"end":{}}],"line":359},"18":{"loc":{"start":{"line":379,"column":0},"end":{"line":383,"column":1}},"type":"if","locations":[{"start":{"line":379,"column":0},"end":{"line":383,"column":1}},{"start":{"line":381,"column":7},"end":{"line":383,"column":1}}],"line":379}},"s":{"0":12,"1":12,"2":12,"3":12,"4":1,"5":11,"6":11,"7":10,"8":1,"9":10,"10":12,"11":12,"12":12,"13":12,"14":12,"15":12,"16":9,"17":1,"18":8,"19":8,"20":8,"21":8,"22":8,"23":8,"24":8,"25":8,"26":8,"27":8,"28":8,"29":8,"30":8,"31":8,"32":8,"33":8,"34":8,"35":8,"36":8,"37":8,"38":8,"39":8,"40":8,"41":8,"42":8,"43":16,"44":16,"45":16,"46":8,"47":8,"48":8,"49":12,"50":24,"51":2,"52":12,"53":12,"54":5,"55":7},"f":{"0":12,"1":9,"2":8,"3":16,"4":24,"5":2},"b":{"0":[1,11],"1":[1,9],"2":[5,5],"3":[1,8],"4":[8,0],"5":[8,0],"6":[8,0],"7":[8,0],"8":[8,0],"9":[8,8],"10":[8,0],"11":[8,8],"12":[8,0],"13":[8,0],"14":[8,0],"15":[8,0],"16":[8,8],"17":[16,0],"18":[5,7]},"_coverageSchema":"1a1c01bbd47fc00a2c39e90264f33305004495a9","hash":"a5f5ba5c2ef299741ee20936fd47911b27272533"}
}
