TN:
SF:i18n.js
FN:290,preferredLanguage
FN:313,setLanguage
FN:350,(anonymous_2)
FN:357,(anonymous_3)
FN:373,(anonymous_4)
FN:374,(anonymous_5)
FNF:6
FNH:6
FNDA:12,preferredLanguage
FNDA:9,setLanguage
FNDA:8,(anonymous_2)
FNDA:16,(anonymous_3)
FNDA:24,(anonymous_4)
FNDA:2,(anonymous_5)
DA:1,12
DA:291,12
DA:292,12
DA:293,12
DA:295,11
DA:296,11
DA:297,10
DA:302,10
DA:306,12
DA:307,12
DA:308,12
DA:309,12
DA:310,12
DA:311,12
DA:314,9
DA:316,8
DA:318,8
DA:319,8
DA:320,8
DA:321,8
DA:322,8
DA:323,8
DA:326,8
DA:327,8
DA:329,8
DA:330,8
DA:333,8
DA:334,8
DA:336,8
DA:337,8
DA:340,8
DA:341,8
DA:342,8
DA:344,8
DA:345,8
DA:350,8
DA:351,8
DA:352,8
DA:353,8
DA:357,8
DA:358,16
DA:359,16
DA:360,16
DA:364,8
DA:365,8
DA:369,8
DA:373,12
DA:374,24
DA:378,12
DA:379,12
DA:380,5
DA:382,7
LF:52
LH:52
BRDA:293,0,0,1
BRDA:293,0,1,11
BRDA:297,1,0,1
BRDA:297,1,1,9
BRDA:302,2,0,5
BRDA:302,2,1,5
BRDA:314,3,0,1
BRDA:314,3,1,8
BRDA:316,4,0,8
BRDA:316,4,1,0
BRDA:318,5,0,8
BRDA:318,5,1,0
BRDA:326,6,0,8
BRDA:326,6,1,0
BRDA:329,7,0,8
BRDA:329,7,1,0
BRDA:333,8,0,8
BRDA:333,8,1,0
BRDA:333,9,0,8
BRDA:333,9,1,8
BRDA:336,10,0,8
BRDA:336,10,1,0
BRDA:336,11,0,8
BRDA:336,11,1,8
BRDA:340,12,0,8
BRDA:340,12,1,0
BRDA:341,13,0,8
BRDA:341,13,1,0
BRDA:344,14,0,8
BRDA:344,14,1,0
BRDA:352,15,0,8
BRDA:352,15,1,0
BRDA:352,16,0,8
BRDA:352,16,1,8
BRDA:359,17,0,16
BRDA:359,17,1,0
BRDA:379,18,0,5
BRDA:379,18,1,7
BRF:38
BRH:27
end_of_record
